#-----------------------------------------------------------
# PlanAhead v14.7 (64-bit)
# Build 321239 by xbuild on Fri Sep 27 19:29:51 MDT 2013
# Start of session at: Fri May 12 03:33:05 2017
# Process ID: 10380
# Log file: C:/Users/HeadHunters/Desktop/4to Semestre/DSD/MaquinadeEstados/planAhead_run_1/planAhead.log
# Journal file: C:/Users/HeadHunters/Desktop/4to Semestre/DSD/MaquinadeEstados/planAhead_run_1/planAhead.jou
#-----------------------------------------------------------
INFO: [Common 17-78] Attempting to get a license: PlanAhead
INFO: [Common 17-290] Got license for PlanAhead
INFO: [Device 21-36] Loading parts and site information from C:/Xilinx/14.7/ISE_DS/PlanAhead/data/parts/arch.xml
Parsing RTL primitives file [C:/Xilinx/14.7/ISE_DS/PlanAhead/data/parts/xilinx/rtl/prims/rtl_prims.xml]
Finished parsing RTL primitives file [C:/Xilinx/14.7/ISE_DS/PlanAhead/data/parts/xilinx/rtl/prims/rtl_prims.xml]
start_gui
source {C:/Users/HeadHunters/Desktop/4to Semestre/DSD/MaquinadeEstados/pa.fromNetlist.tcl}
# create_project -name MaquinadeEstados -dir "C:/Users/HeadHunters/Desktop/4to Semestre/DSD/MaquinadeEstados/planAhead_run_1" -part xc3s500efg320-5
create_project: Time (s): elapsed = 00:00:08 . Memory (MB): peak = 476.332 ; gain = 61.406
# set_property design_mode GateLvl [get_property srcset [current_run -impl]]
# set_property edif_top_file "C:/Users/HeadHunters/Desktop/4to Semestre/DSD/MaquinadeEstados/Estados.ngc" [ get_property srcset [ current_run ] ]
# add_files -norecurse { {C:/Users/HeadHunters/Desktop/4to Semestre/DSD/MaquinadeEstados} }
# set_property target_constrs_file "Estados.ucf" [current_fileset -constrset]
Adding file 'C:/Users/HeadHunters/Desktop/4to Semestre/DSD/MaquinadeEstados/Estados.ucf' to fileset 'constrs_1'
# add_files [list {Estados.ucf}] -fileset [get_property constrset [current_run]]
# link_design
Design is defaulting to srcset: sources_1
Design is defaulting to constrset: constrs_1
Design is defaulting to project part: xc3s500efg320-5
Release 14.7 - ngc2edif P.20131013 (nt64)
Copyright (c) 1995-2013 Xilinx, Inc.  All rights reserved.
Reading design Estados.ngc ...
WARNING:NetListWriters:298 - No output is written to Estados.xncf, ignored.
Processing design ...
   Preping design's networks ...
   Preping design's macros ...
  finished :Prep
Writing EDIF netlist file Estados.edif ...
ngc2edif: Total memory usage is 87592 kilobytes

Parsing EDIF File [./planAhead_run_1/MaquinadeEstados.data/cache/Estados_ngc_zx.edif]
Finished Parsing EDIF File [./planAhead_run_1/MaquinadeEstados.data/cache/Estados_ngc_zx.edif]
INFO: [Designutils 20-910] Reading macro library C:/Xilinx/14.7/ISE_DS/PlanAhead/data\./parts/xilinx/spartan3e/spartan3e/hd_int_macros.edn
Parsing EDIF File [C:/Xilinx/14.7/ISE_DS/PlanAhead/data\./parts/xilinx/spartan3e/spartan3e/hd_int_macros.edn]
Finished Parsing EDIF File [C:/Xilinx/14.7/ISE_DS/PlanAhead/data\./parts/xilinx/spartan3e/spartan3e/hd_int_macros.edn]
Loading clock regions from C:/Xilinx/14.7/ISE_DS/PlanAhead/data\parts/xilinx/spartan3e/spartan3e/xc3s500e/ClockRegion.xml
Loading clock buffers from C:/Xilinx/14.7/ISE_DS/PlanAhead/data\parts/xilinx/spartan3e/spartan3e/xc3s500e/ClockBuffers.xml
Loading package from C:/Xilinx/14.7/ISE_DS/PlanAhead/data\parts/xilinx/spartan3e/spartan3e/xc3s500e/fg320/Package.xml
Loading io standards from C:/Xilinx/14.7/ISE_DS/PlanAhead/data\./parts/xilinx/spartan3e/IOStandards.xml
INFO: [Device 21-19] Loading pkg sso from C:/Xilinx/14.7/ISE_DS/PlanAhead/data\parts/xilinx/spartan3e/spartan3e/xc3s500e/fg320/SSORules.xml
Loading list of drcs for the architecture : C:/Xilinx/14.7/ISE_DS/PlanAhead/data\./parts/xilinx/spartan3e/spartan3e/drc.xml
INFO: [Timing 38-77] Reading timing library C:/Xilinx/14.7/ISE_DS/PlanAhead/data\parts/xilinx/spartan3e/spartan3e/spartan3e-5.lib.
INFO: [Timing 38-34] Done reading timing library C:/Xilinx/14.7/ISE_DS/PlanAhead/data\parts/xilinx/spartan3e/spartan3e/spartan3e-5.lib.
Parsing UCF File [C:/Users/HeadHunters/Desktop/4to Semestre/DSD/MaquinadeEstados/Estados.ucf]
Finished Parsing UCF File [C:/Users/HeadHunters/Desktop/4to Semestre/DSD/MaquinadeEstados/Estados.ucf]
INFO: [Project 1-111] Unisim Transformation Summary:
No Unisim elements were transformed.

Phase 0 | Netlist Checksum: 548616b7
link_design: Time (s): elapsed = 00:00:25 . Memory (MB): peak = 609.277 ; gain = 129.738
INFO: [Common 17-41] Interrupt caught. Command should exit soon.
INFO: [Common 17-344] 'source' was cancelled
exit
ERROR: [PlanAhead 12-106] *** Exception: ui.h.b: Found deleted key in HTclEventBroker. Verify if the classes listed here call cleanup()
HTclEvent: DEBUG_CORE_CONFIG_CHANGE   Classes: ui.views.aR 
HTclEvent: SIGNAL_MODIFY   Classes: ui.views.aR 
HTclEvent: SIGNAL_BUS_MODIFY   Classes: ui.views.aR 
HTclEvent: DEBUG_PORT_CONFIG_CHANGE   Classes: ui.views.aR 
 (See C:/Users/HeadHunters/Desktop/4to Semestre/DSD/MaquinadeEstados\planAhead_pid10380.debug)
ERROR: [Common 17-39] 'stop_gui' failed due to earlier errors.
INFO: [Common 17-206] Exiting PlanAhead at Fri May 12 03:40:24 2017...
INFO: [Common 17-83] Releasing license: PlanAhead
